Build started 12/2/2017 12:10:17 AM.
     1>Project "C:\Users\Ivan\Documents\ITESM\OpenCV\ProyVS2013\Demoagain\opencvProj\opencvProj\opencvProj.vcxproj" on node 2 (Build target(s)).
     1>C:\Program Files (x86)\MSBuild\Microsoft.Cpp\v4.0\V120\Microsoft.CppBuild.targets(364,5): warning MSB8004: Output Directory does not end with a trailing slash.  This build instance will add the slash as it is required to allow proper evaluation of the Output Directory.
     1>ClCompile:
         C:\Program Files (x86)\Microsoft Visual Studio 12.0\VC\bin\CL.exe /c /I"C:\Users\Ivan\Documents\Code\build-3.0.0tlx86\install\include" /I"C:\Users\Ivan\Desktop\Software\Cvdrone-master\cvdrone-master\src\3rdparty\ffmpeg\include" /I"C:\Users\Ivan\Desktop\Software\Cvdrone-master\cvdrone-master\src\3rdparty\pthread\include" /I"C:\Users\Ivan\Desktop\Software\Cvdrone-master\cvdrone-master\src\3rdparty\glut\include" /Zi /nologo /W3 /WX- /sdl /O2 /Oi /Oy- /GL /D _CRT_SECURE_NO_WARNINGS /D WIN32 /D NOMINMAX /D NDEBUG /D _CONSOLE /D __STDC_CONSTANT_MACROS /D _MBCS /Gm- /EHsc /MD /GS /Gy /fp:precise /Zc:wchar_t /Zc:forScope /Fo"Release\\" /Fd"Release\vc120.pdb" /Gd /TP /analyze- /errorReport:prompt opencv_openimage.cpp
         opencv_openimage.cpp
       Link:
         C:\Program Files (x86)\Microsoft Visual Studio 12.0\VC\bin\link.exe /ERRORREPORT:PROMPT /OUT:"C:\Users\Ivan\Documents\ITESM\OpenCV\ProyVS2013\Demoagain\opencvProj\opencvProj\bin\opencvProj.exe" /NOLOGO /LIBPATH:"C:\Users\Ivan\Documents\Code\build-3.0.0tlx86\install\x86\vc12\lib" /LIBPATH:"C:\Users\Ivan\Desktop\Software\Cvdrone-master\cvdrone-master\src\3rdparty\ffmpeg\lib" /LIBPATH:"C:\Users\Ivan\Desktop\Software\Cvdrone-master\cvdrone-master\src\3rdparty\pthread\lib" /LIBPATH:"C:\Users\Ivan\Desktop\Software\Cvdrone-master\cvdrone-master\src\3rdparty\glut\lib" wsock32.lib opencv_bgsegm300.lib opencv_calib3d300.lib opencv_ccalib300.lib opencv_core300.lib opencv_datasets300.lib opencv_face300.lib opencv_features2d300.lib opencv_flann300.lib opencv_hal300.lib opencv_highgui300.lib opencv_imgcodecs300.lib opencv_imgproc300.lib opencv_latentsvm300.lib opencv_line_descriptor300.lib opencv_ml300.lib opencv_objdetect300.lib opencv_optflow300.lib opencv_photo300.lib opencv_reg300.lib opencv_rgbd300.lib opencv_saliency300.lib opencv_shape300.lib opencv_stitching300.lib opencv_superres300.lib opencv_surface_matching300.lib opencv_text300.lib opencv_tracking300.lib opencv_ts300.lib opencv_video300.lib opencv_videoio300.lib opencv_videostab300.lib opencv_xfeatures2d300.lib opencv_ximgproc300.lib opencv_xobjdetect300.lib opencv_xphoto300.lib libtesseract302.lib liblept168.lib avcodec.lib avdevice.lib avfilter.lib avformat.lib avutil.lib swresample.lib swscale.lib pthreadVC2.lib glut32.lib kernel32.lib user32.lib gdi32.lib winspool.lib comdlg32.lib advapi32.lib shell32.lib ole32.lib oleaut32.lib uuid.lib odbc32.lib odbccp32.lib /MANIFEST /MANIFESTUAC:"level='asInvoker' uiAccess='false'" /manifest:embed /DEBUG /PDB:"C:\Users\Ivan\Documents\ITESM\OpenCV\ProyVS2013\Demoagain\opencvProj\opencvProj\bin\opencvProj.pdb" /OPT:REF /OPT:ICF /LTCG /TLBID:1 /DYNAMICBASE /NXCOMPAT /IMPLIB:"C:\Users\Ivan\Documents\ITESM\OpenCV\ProyVS2013\Demoagain\opencvProj\opencvProj\bin\opencvProj.lib" /MACHINE:X86 /SAFESEH Release\resource.res
         Release\ardrone.obj
         Release\command.obj
         Release\config.obj
         Release\navdata.obj
         Release\tcp.obj
         Release\udp.obj
         Release\version.obj
         Release\video.obj
         Release\opencv_openimage.obj
         Generating code
         Finished generating code
         opencvProj.vcxproj -> C:\Users\Ivan\Documents\ITESM\OpenCV\ProyVS2013\Demoagain\opencvProj\opencvProj\bin\opencvProj.exe
     1>Done Building Project "C:\Users\Ivan\Documents\ITESM\OpenCV\ProyVS2013\Demoagain\opencvProj\opencvProj\opencvProj.vcxproj" (Build target(s)).

Build succeeded.

Time Elapsed 00:00:05.49
